/home/khizer/amr_project/install/robile_slam/lib/python3.10/site-packages/robile_slam/potential_field_node.py
/home/khizer/amr_project/install/robile_slam/lib/python3.10/site-packages/robile_slam/exploration_node.py
/home/khizer/amr_project/install/robile_slam/lib/python3.10/site-packages/robile_slam/mcl.py
/home/khizer/amr_project/install/robile_slam/lib/python3.10/site-packages/robile_slam/__init__.py
/home/khizer/amr_project/install/robile_slam/lib/python3.10/site-packages/robile_slam/updated_global_planner.py
/home/khizer/amr_project/install/robile_slam/lib/python3.10/site-packages/robile_slam/global_planner_node.py
/home/khizer/amr_project/install/robile_slam/lib/python3.10/site-packages/robile_slam/monte_carlo_pf_node.py
/home/khizer/amr_project/install/robile_slam/lib/python3.10/site-packages/robile_slam/waypoint_follower_node.py
/home/khizer/amr_project/install/robile_slam/lib/python3.10/site-packages/robile_slam/navigation_stack.py
/home/khizer/amr_project/install/robile_slam/lib/python3.10/site-packages/robile_slam/__pycache__/potential_field_node.cpython-310.pyc
/home/khizer/amr_project/install/robile_slam/lib/python3.10/site-packages/robile_slam/__pycache__/exploration_node.cpython-310.pyc
/home/khizer/amr_project/install/robile_slam/lib/python3.10/site-packages/robile_slam/__pycache__/mcl.cpython-310.pyc
/home/khizer/amr_project/install/robile_slam/lib/python3.10/site-packages/robile_slam/__pycache__/__init__.cpython-310.pyc
/home/khizer/amr_project/install/robile_slam/lib/python3.10/site-packages/robile_slam/__pycache__/updated_global_planner.cpython-310.pyc
/home/khizer/amr_project/install/robile_slam/lib/python3.10/site-packages/robile_slam/__pycache__/global_planner_node.cpython-310.pyc
/home/khizer/amr_project/install/robile_slam/lib/python3.10/site-packages/robile_slam/__pycache__/monte_carlo_pf_node.cpython-310.pyc
/home/khizer/amr_project/install/robile_slam/lib/python3.10/site-packages/robile_slam/__pycache__/waypoint_follower_node.cpython-310.pyc
/home/khizer/amr_project/install/robile_slam/lib/python3.10/site-packages/robile_slam/__pycache__/navigation_stack.cpython-310.pyc
/home/khizer/amr_project/install/robile_slam/share/ament_index/resource_index/packages/robile_slam
/home/khizer/amr_project/install/robile_slam/share/robile_slam/package.xml
/home/khizer/amr_project/install/robile_slam/share/robile_slam/launch/robile_slam.launch.py
/home/khizer/amr_project/install/robile_slam/share/robile_slam/launch/test_particle_filter.launch.py
/home/khizer/amr_project/install/robile_slam/share/robile_slam/launch/navigation.launch.py
/home/khizer/amr_project/install/robile_slam/share/robile_slam/launch/map_server.launch.py
/home/khizer/amr_project/install/robile_slam/share/robile_slam/launch/test_global_planner.launch.py
/home/khizer/amr_project/install/robile_slam/share/robile_slam/launch/mcl_test.launch.py
/home/khizer/amr_project/install/robile_slam/share/robile_slam/launch/robile_localization_test.launch.py
/home/khizer/amr_project/install/robile_slam/share/robile_slam/launch/mcl_localization_test.launch.py
/home/khizer/amr_project/install/robile_slam/share/robile_slam/launch/nav_launch.launch.py
/home/khizer/amr_project/install/robile_slam/share/robile_navigation/maps/lab_map.pgm
/home/khizer/amr_project/install/robile_slam/share/robile_navigation/maps/dynamic_world_map.pgm
/home/khizer/amr_project/install/robile_slam/share/robile_navigation/maps/new_dynamic_world.yaml
/home/khizer/amr_project/install/robile_slam/share/robile_navigation/maps/map_amr_proj_test.yaml
/home/khizer/amr_project/install/robile_slam/share/robile_navigation/maps/dynamic_world_map.yaml
/home/khizer/amr_project/install/robile_slam/share/robile_navigation/maps/new_dynamic_world.pgm
/home/khizer/amr_project/install/robile_slam/share/robile_navigation/maps/latest_map.pgm
/home/khizer/amr_project/install/robile_slam/share/robile_navigation/maps/lab_map.yaml
/home/khizer/amr_project/install/robile_slam/share/robile_navigation/maps/env_map.yaml
/home/khizer/amr_project/install/robile_slam/share/robile_navigation/maps/env_map.pgm
/home/khizer/amr_project/install/robile_slam/share/robile_navigation/maps/map_amr_proj_test.pgm
/home/khizer/amr_project/install/robile_slam/share/robile_navigation/maps/latest_map.yaml
/home/khizer/amr_project/install/robile_slam/share/robile_slam/config/ekf.yaml
/home/khizer/amr_project/install/robile_slam/lib/python3.10/site-packages/robile_slam-0.0.0-py3.10.egg-info/top_level.txt
/home/khizer/amr_project/install/robile_slam/lib/python3.10/site-packages/robile_slam-0.0.0-py3.10.egg-info/SOURCES.txt
/home/khizer/amr_project/install/robile_slam/lib/python3.10/site-packages/robile_slam-0.0.0-py3.10.egg-info/requires.txt
/home/khizer/amr_project/install/robile_slam/lib/python3.10/site-packages/robile_slam-0.0.0-py3.10.egg-info/entry_points.txt
/home/khizer/amr_project/install/robile_slam/lib/python3.10/site-packages/robile_slam-0.0.0-py3.10.egg-info/zip-safe
/home/khizer/amr_project/install/robile_slam/lib/python3.10/site-packages/robile_slam-0.0.0-py3.10.egg-info/PKG-INFO
/home/khizer/amr_project/install/robile_slam/lib/python3.10/site-packages/robile_slam-0.0.0-py3.10.egg-info/dependency_links.txt
/home/khizer/amr_project/install/robile_slam/lib/robile_slam/exploration_node
/home/khizer/amr_project/install/robile_slam/lib/robile_slam/global_planner_node
/home/khizer/amr_project/install/robile_slam/lib/robile_slam/mcl
/home/khizer/amr_project/install/robile_slam/lib/robile_slam/nav_stack
/home/khizer/amr_project/install/robile_slam/lib/robile_slam/particle_filter_node
/home/khizer/amr_project/install/robile_slam/lib/robile_slam/potential_field_node
/home/khizer/amr_project/install/robile_slam/lib/robile_slam/updated_global_planner
/home/khizer/amr_project/install/robile_slam/lib/robile_slam/waypoint_follower_node
