/home/khizer/amr_project/install/robile_autonomous/lib/python3.10/site-packages/robile_autonomous/__init__.py
/home/khizer/amr_project/install/robile_autonomous/lib/python3.10/site-packages/robile_autonomous/A_star_planner.py
/home/khizer/amr_project/install/robile_autonomous/lib/python3.10/site-packages/robile_autonomous/navigation_controller.py
/home/khizer/amr_project/install/robile_autonomous/lib/python3.10/site-packages/robile_autonomous/A_star.py
/home/khizer/amr_project/install/robile_autonomous/lib/python3.10/site-packages/robile_autonomous/potential_field_planner.py
/home/khizer/amr_project/install/robile_autonomous/lib/python3.10/site-packages/robile_autonomous/__pycache__/__init__.cpython-310.pyc
/home/khizer/amr_project/install/robile_autonomous/lib/python3.10/site-packages/robile_autonomous/__pycache__/A_star_planner.cpython-310.pyc
/home/khizer/amr_project/install/robile_autonomous/lib/python3.10/site-packages/robile_autonomous/__pycache__/navigation_controller.cpython-310.pyc
/home/khizer/amr_project/install/robile_autonomous/lib/python3.10/site-packages/robile_autonomous/__pycache__/A_star.cpython-310.pyc
/home/khizer/amr_project/install/robile_autonomous/lib/python3.10/site-packages/robile_autonomous/__pycache__/potential_field_planner.cpython-310.pyc
/home/khizer/amr_project/install/robile_autonomous/share/ament_index/resource_index/packages/robile_autonomous
/home/khizer/amr_project/install/robile_autonomous/share/robile_autonomous/package.xml
/home/khizer/amr_project/install/robile_autonomous/share/robile_autonomous/config/ekf.yaml
/home/khizer/amr_project/install/robile_autonomous/share/robile_autonomous/launch/slam_with_robile.launch.py
/home/khizer/amr_project/install/robile_autonomous/share/robile_autonomous/launch/navigation.launch.py
/home/khizer/amr_project/install/robile_autonomous/share/robile_autonomous/launch/slam.launch.py
/home/khizer/amr_project/install/robile_autonomous/lib/python3.10/site-packages/robile_autonomous-0.0.0-py3.10.egg-info/top_level.txt
/home/khizer/amr_project/install/robile_autonomous/lib/python3.10/site-packages/robile_autonomous-0.0.0-py3.10.egg-info/SOURCES.txt
/home/khizer/amr_project/install/robile_autonomous/lib/python3.10/site-packages/robile_autonomous-0.0.0-py3.10.egg-info/requires.txt
/home/khizer/amr_project/install/robile_autonomous/lib/python3.10/site-packages/robile_autonomous-0.0.0-py3.10.egg-info/entry_points.txt
/home/khizer/amr_project/install/robile_autonomous/lib/python3.10/site-packages/robile_autonomous-0.0.0-py3.10.egg-info/zip-safe
/home/khizer/amr_project/install/robile_autonomous/lib/python3.10/site-packages/robile_autonomous-0.0.0-py3.10.egg-info/PKG-INFO
/home/khizer/amr_project/install/robile_autonomous/lib/python3.10/site-packages/robile_autonomous-0.0.0-py3.10.egg-info/dependency_links.txt
/home/khizer/amr_project/install/robile_autonomous/lib/robile_autonomous/A_star_planner
/home/khizer/amr_project/install/robile_autonomous/lib/robile_autonomous/navigation_controller
/home/khizer/amr_project/install/robile_autonomous/lib/robile_autonomous/potential_field_planner
